[woss_All] -2015-11-30 23:11:26,713 ******加载不完整Map数据中···
[woss_All] -2015-11-30 23:11:26,728 ******加载不完整Map数据结束
[woss_All] -2015-11-30 23:11:26,728 ******加载计数器中···
[woss_All] -2015-11-30 23:11:26,728 ******加载计数器完毕
[woss_All] -2015-11-30 23:11:26,728 ******正在跳过上一次进度···
[woss_All] -2015-11-30 23:11:26,728 ******已跳过
[woss_All] -2015-11-30 23:11:26,728 ******开始采集数据，请等待···
[woss_All] -2015-11-30 23:11:27,197 ******采集结束
[woss_All] -2015-11-30 23:11:27,197 ******正在进行Map不完整数据的备份···
[woss_All] -2015-11-30 23:11:27,260 ******已备份
[woss_All] -2015-11-30 23:11:27,260 ******正在对读取字符个数进行备份
[woss_All] -2015-11-30 23:11:27,260 ******已备份
[woss_All] -2015-11-30 23:11:27,275 ******正在传送数据···
[woss_All] -2015-11-30 23:11:27,275 ******正在接受数据···
[woss_All] -2015-11-30 23:12:52,530 ******接受数据完毕
[woss_All] -2015-11-30 23:12:52,530 ******传送数据结束
[woss_All] -2015-11-30 23:12:52,990 ******开始存储数据，请稍后···
[woss_All] -2015-11-30 23:13:03,710 ******存储数据完毕
[woss_All] -2015-12-01 09:19:09,587   -------加载不完整Map数据中···
[woss_All] -2015-12-01 09:19:09,727   -------加载不完整Map数据结束
[woss_All] -2015-12-01 09:19:09,727   -------加载计数器中···
[woss_All] -2015-12-01 09:19:09,727   -------加载计数器完毕
[woss_All] -2015-12-01 09:19:09,727   -------正在跳过上一次进度···
[woss_All] -2015-12-01 09:19:09,884   -------已跳过
[woss_All] -2015-12-01 09:19:09,884   -------开始采集数据，请等待···
[woss_All] -2015-12-01 09:19:09,884   -------采集结束
[woss_All] -2015-12-01 09:19:09,884   -------正在进行Map不完整数据的备份···
[woss_All] -2015-12-01 09:19:09,899   -------已备份
[woss_All] -2015-12-01 09:19:09,899   -------正在对读取字符个数进行备份
[woss_All] -2015-12-01 09:19:09,899   -------已备份
[woss_All] -2015-12-01 09:19:09,977   -------正在传送数据···
[woss_All] -2015-12-01 09:19:09,977   -------正在接受数据···
[woss_All] -2015-12-01 09:19:09,983   -------传送数据结束
[woss_All] -2015-12-01 09:19:09,983   -------接受数据完毕
[woss_All] -2015-12-01 09:19:10,936   -------开始存储数据，请稍后···
[woss_All] -2015-12-01 09:19:10,936   -------存储数据完毕
